<?xml version="1.0" encoding="UTF-8"?>
<!-- Generated by org.testng.reporters.JUnitReportReporter -->
<testsuite hostname="AprrSaroja" name="com.walmart.test.homeuserapplication.TestHomeUserApplication" tests="1" failures="0" timestamp="16 Jun 2016 01:39:09 GMT" time="4.450" errors="0">
  <testcase name="testHomeUserApplication" time="4.450" classname="com.walmart.test.homeuserapplication.TestHomeUserApplication"/>
</testsuite> <!-- com.walmart.test.homeuserapplication.TestHomeUserApplication -->
